{"name":"goodreads","req_id":"c068807e-de16-40be-be57-b30d7f8be39d","hostname":"PruKore-MBP","pid":99308,"level":30,"msg":"verifying user login","time":"2022-12-14T06:26:38.267Z","v":0}
{"name":"goodreads","req_id":"c068807e-de16-40be-be57-b30d7f8be39d","hostname":"PruKore-MBP","pid":99308,"level":30,"msg":"verification successful and returned jwtToken","time":"2022-12-14T06:26:38.351Z","v":0}
{"name":"goodreads","req_id":"04157259-59ba-4a41-b139-02a2d0f7e828","hostname":"PruKore-MBP","pid":99308,"level":30,"msg":"verifying user login","time":"2022-12-14T06:27:42.996Z","v":0}
{"name":"goodreads","req_id":"04157259-59ba-4a41-b139-02a2d0f7e828","hostname":"PruKore-MBP","pid":99308,"level":30,"msg":"verification successful and returned jwtToken","time":"2022-12-14T06:27:43.062Z","v":0}
{"name":"goodreads","req_id":"eb42ab2f-bebe-49ae-bdb4-60936d251682","hostname":"PruKore-MBP","pid":99308,"level":30,"msg":"verifying user login","time":"2022-12-14T06:27:47.876Z","v":0}
{"name":"goodreads","req_id":"eb42ab2f-bebe-49ae-bdb4-60936d251682","hostname":"PruKore-MBP","pid":99308,"level":30,"msg":"verification failed because user is not registered","time":"2022-12-14T06:27:47.878Z","v":0}
{"name":"goodreads","req_id":"a6918de4-0eda-4f70-a2e6-bc1256269e3f","hostname":"PruKore-MBP","pid":99308,"level":30,"msg":"verifying user login","time":"2022-12-14T06:27:54.555Z","v":0}
{"name":"goodreads","req_id":"a6918de4-0eda-4f70-a2e6-bc1256269e3f","hostname":"PruKore-MBP","pid":99308,"level":30,"msg":"verification failed due to wrong password","time":"2022-12-14T06:27:54.624Z","v":0}
{"name":"goodreads","req_id":"91605cf1-5d31-4762-ad6b-f525f7a3175a","hostname":"PruKore-MBP","pid":99308,"level":30,"msg":"verifying user login","time":"2022-12-14T06:28:19.424Z","v":0}
{"name":"goodreads","req_id":"91605cf1-5d31-4762-ad6b-f525f7a3175a","hostname":"PruKore-MBP","pid":99308,"level":30,"msg":"verification successful and returned jwtToken","time":"2022-12-14T06:28:19.495Z","v":0}
{"name":"goodreads","req_id":"7c0bdfbb-411d-48b8-8fd0-d10742b2ee2f","hostname":"PruKore-MBP","pid":99308,"level":30,"msg":"verifying user login","time":"2022-12-14T06:28:25.699Z","v":0}
{"name":"goodreads","req_id":"7c0bdfbb-411d-48b8-8fd0-d10742b2ee2f","hostname":"PruKore-MBP","pid":99308,"level":30,"msg":"verification failed due to invalid credentials","time":"2022-12-14T06:28:25.701Z","v":0}
{"name":"goodreads","req_id":"023f18fa-18ab-437a-9bf3-2f17f72aa6c3","hostname":"PruKore-MBP","pid":99308,"level":30,"msg":"verifying user login","time":"2022-12-14T06:28:43.021Z","v":0}
{"name":"goodreads","req_id":"023f18fa-18ab-437a-9bf3-2f17f72aa6c3","hostname":"PruKore-MBP","pid":99308,"level":30,"msg":"verification failed due to invalid credentials","time":"2022-12-14T06:28:43.021Z","v":0}
{"name":"goodreads","req_id":"4eed039b-024d-43d4-9170-f8a91865c76d","hostname":"PruKore-MBP","pid":99308,"level":30,"msg":"verifying user login","time":"2022-12-14T06:28:52.812Z","v":0}
{"name":"goodreads","req_id":"4eed039b-024d-43d4-9170-f8a91865c76d","hostname":"PruKore-MBP","pid":99308,"level":30,"msg":"verification successful and returned jwtToken","time":"2022-12-14T06:28:52.881Z","v":0}
{"name":"goodreads","req_id":"21c45d09-eeaa-4ebf-a08a-6237ad4481ff","hostname":"PruKore-MBP","pid":99308,"level":30,"msg":"getting books","time":"2022-12-14T06:29:41.549Z","v":0}
{"name":"goodreads","req_id":"21c45d09-eeaa-4ebf-a08a-6237ad4481ff","hostname":"PruKore-MBP","pid":99308,"level":30,"msg":"getting books successful","time":"2022-12-14T06:29:41.551Z","v":0}
{"name":"goodreads","req_id":"5f2e1baa-941b-4382-b3b1-34376d9aa26d","hostname":"PruKore-MBP","pid":99308,"level":30,"msg":"getting books based on filters","time":"2022-12-14T06:55:30.154Z","v":0}
{"name":"goodreads","req_id":"5f2e1baa-941b-4382-b3b1-34376d9aa26d","hostname":"PruKore-MBP","pid":99308,"level":30,"msg":"getting books based on filters successful","time":"2022-12-14T06:55:30.158Z","v":0}
{"name":"goodreads","req_id":"077ca517-8152-4f22-a6c0-1daa19507c79","hostname":"PruKore-MBP","pid":99308,"level":30,"msg":"getting books based on filters","time":"2022-12-14T06:58:50.747Z","v":0}
{"name":"goodreads","req_id":"077ca517-8152-4f22-a6c0-1daa19507c79","hostname":"PruKore-MBP","pid":99308,"level":30,"msg":"getting books based on filters successful","time":"2022-12-14T06:58:50.751Z","v":0}
{"name":"goodreads","req_id":"dc2c728f-c181-4f87-89f5-19ced1dbf04d","hostname":"PruKore-MBP","pid":99308,"level":30,"msg":"getting books based on filters","time":"2022-12-14T06:59:50.223Z","v":0}
{"name":"goodreads","req_id":"dc2c728f-c181-4f87-89f5-19ced1dbf04d","hostname":"PruKore-MBP","pid":99308,"level":30,"msg":"getting books based on filters successful","time":"2022-12-14T06:59:50.225Z","v":0}
{"name":"goodreads","req_id":"430a8ed6-ecfc-4d6e-b9b7-0c1b9b288f03","hostname":"PruKore-MBP","pid":99308,"level":30,"msg":"getting books based on filters","time":"2022-12-14T06:59:55.077Z","v":0}
{"name":"goodreads","req_id":"430a8ed6-ecfc-4d6e-b9b7-0c1b9b288f03","hostname":"PruKore-MBP","pid":99308,"level":30,"msg":"getting books based on filters successful","time":"2022-12-14T06:59:55.081Z","v":0}
{"name":"goodreads","req_id":"6b4fc108-378e-4f0a-a5cf-6799d96b37f0","hostname":"PruKore-MBP","pid":20024,"level":30,"msg":"getting books by id","time":"2022-12-14T07:08:53.937Z","v":0}
{"name":"goodreads","req_id":"6b4fc108-378e-4f0a-a5cf-6799d96b37f0","hostname":"PruKore-MBP","pid":20024,"level":30,"msg":"getting books failed coz soething went wrong","time":"2022-12-14T07:08:53.954Z","v":0}
{"name":"goodreads","req_id":"9f0072b1-05f0-409a-9b41-32f1f00b641b","hostname":"PruKore-MBP","pid":20024,"level":30,"msg":"getting books by id","time":"2022-12-14T07:09:08.889Z","v":0}
{"name":"goodreads","req_id":"9f0072b1-05f0-409a-9b41-32f1f00b641b","hostname":"PruKore-MBP","pid":20024,"level":30,"msg":"getting books failed coz soething went wrong","time":"2022-12-14T07:09:08.893Z","v":0}
{"name":"goodreads","req_id":"f60a6e10-5a04-4763-ad02-d97697723f58","hostname":"PruKore-MBP","pid":20024,"level":30,"msg":"getting books by id","time":"2022-12-14T07:11:43.385Z","v":0}
{"name":"goodreads","req_id":"f60a6e10-5a04-4763-ad02-d97697723f58","hostname":"PruKore-MBP","pid":20024,"level":30,"msg":"getting books failed coz soething went wrong","time":"2022-12-14T07:11:43.387Z","v":0}
{"name":"goodreads","req_id":"6c724f85-7fa3-4b74-83de-e0b74feed0d9","hostname":"PruKore-MBP","pid":20024,"level":30,"msg":"getting books by id","time":"2022-12-14T07:11:55.887Z","v":0}
{"name":"goodreads","req_id":"6c724f85-7fa3-4b74-83de-e0b74feed0d9","hostname":"PruKore-MBP","pid":20024,"level":30,"msg":"getting books failed coz soething went wrong","time":"2022-12-14T07:11:55.888Z","v":0}
{"name":"goodreads","req_id":"8e91415b-9983-445b-afb0-429aa9e40a37","hostname":"PruKore-MBP","pid":20024,"level":30,"msg":"getting books by id","time":"2022-12-14T07:12:01.765Z","v":0}
{"name":"goodreads","req_id":"8e91415b-9983-445b-afb0-429aa9e40a37","hostname":"PruKore-MBP","pid":20024,"level":30,"msg":"getting books failed coz soething went wrong","time":"2022-12-14T07:12:01.767Z","v":0}
{"name":"goodreads","req_id":"1247c994-15af-46f9-a5ac-c50ef5b73389","hostname":"PruKore-MBP","pid":20024,"level":30,"msg":"verifying user login","time":"2022-12-14T07:19:19.363Z","v":0}
{"name":"goodreads","req_id":"1247c994-15af-46f9-a5ac-c50ef5b73389","hostname":"PruKore-MBP","pid":20024,"level":30,"msg":"verification successful and returned jwtToken","time":"2022-12-14T07:19:19.443Z","v":0}
{"name":"goodreads","req_id":"0041e897-9391-4268-b578-d9447adc0a94","hostname":"PruKore-MBP","pid":20024,"level":30,"msg":"verifying user login","time":"2022-12-14T07:21:19.754Z","v":0}
{"name":"goodreads","req_id":"0041e897-9391-4268-b578-d9447adc0a94","hostname":"PruKore-MBP","pid":20024,"level":30,"msg":"verification failed because user is not registered","time":"2022-12-14T07:21:19.756Z","v":0}
{"name":"goodreads","req_id":"75065ef3-8981-4ca6-8d47-f3c4b4492de0","hostname":"PruKore-MBP","pid":20024,"level":30,"msg":"verifying user login","time":"2022-12-14T07:22:18.523Z","v":0}
{"name":"goodreads","req_id":"75065ef3-8981-4ca6-8d47-f3c4b4492de0","hostname":"PruKore-MBP","pid":20024,"level":30,"msg":"verification failed due to wrong password","time":"2022-12-14T07:22:18.600Z","v":0}
{"name":"goodreads","req_id":"c5087309-e1bd-4b5a-a4a8-6417c0ef1c59","hostname":"PruKore-MBP","pid":20024,"level":30,"msg":"verifying user login","time":"2022-12-14T07:22:43.608Z","v":0}
{"name":"goodreads","req_id":"c5087309-e1bd-4b5a-a4a8-6417c0ef1c59","hostname":"PruKore-MBP","pid":20024,"level":30,"msg":"verification failed due to wrong password","time":"2022-12-14T07:22:43.692Z","v":0}
{"name":"goodreads","req_id":"c480b417-1fd4-4f1f-83b9-d6f0e22e0229","hostname":"PruKore-MBP","pid":21417,"level":30,"msg":"getting bookshelf initated","time":"2022-12-14T07:24:14.289Z","v":0}
{"name":"goodreads","req_id":"c480b417-1fd4-4f1f-83b9-d6f0e22e0229","hostname":"PruKore-MBP","pid":21417,"level":30,"msg":"connot get bookshelf coz of internal error","time":"2022-12-14T07:24:14.290Z","v":0}
{"name":"goodreads","req_id":"6767d7c0-b1a9-4dc0-b94d-ae10987c858a","hostname":"PruKore-MBP","pid":21416,"level":30,"msg":"verifying user login","time":"2022-12-14T07:24:14.294Z","v":0}
{"name":"goodreads","req_id":"6767d7c0-b1a9-4dc0-b94d-ae10987c858a","hostname":"PruKore-MBP","pid":21416,"level":30,"msg":"verification failed due to invalid credentials","time":"2022-12-14T07:24:14.297Z","v":0}
{"name":"goodreads","req_id":"76ad3ac4-85ec-4b09-af5d-6841c3929464","hostname":"PruKore-MBP","pid":21417,"level":30,"msg":"getting bookshelf initated","time":"2022-12-14T07:24:14.300Z","v":0}
{"name":"goodreads","req_id":"76ad3ac4-85ec-4b09-af5d-6841c3929464","hostname":"PruKore-MBP","pid":21417,"level":30,"msg":"getting bookshelf successful","time":"2022-12-14T07:24:14.300Z","v":0}
{"name":"goodreads","req_id":"15970718-c85b-4580-804d-57d0bede242e","hostname":"PruKore-MBP","pid":21416,"level":30,"msg":"verifying user login","time":"2022-12-14T07:24:14.309Z","v":0}
{"name":"goodreads","req_id":"15970718-c85b-4580-804d-57d0bede242e","hostname":"PruKore-MBP","pid":21416,"level":30,"msg":"verification failed due to invalid credentials","time":"2022-12-14T07:24:14.310Z","v":0}
{"name":"goodreads","req_id":"f986e067-9273-4485-b4e7-962753dfa42a","hostname":"PruKore-MBP","pid":21416,"level":30,"msg":"verifying user login","time":"2022-12-14T07:24:14.315Z","v":0}
{"name":"goodreads","req_id":"eff78e36-7bb1-4685-a6ce-c20d33b6cfe6","hostname":"PruKore-MBP","pid":21417,"level":30,"msg":"return book initated","time":"2022-12-14T07:24:14.314Z","v":0}
{"name":"goodreads","req_id":"cf0a2ce4-0c37-4827-a0a2-488c4792be9a","hostname":"PruKore-MBP","pid":21415,"level":30,"msg":"getting books","time":"2022-12-14T07:24:14.325Z","v":0}
{"name":"goodreads","req_id":"cf0a2ce4-0c37-4827-a0a2-488c4792be9a","hostname":"PruKore-MBP","pid":21415,"level":30,"msg":"getting books successful","time":"2022-12-14T07:24:14.327Z","v":0}
{"name":"goodreads","req_id":"eff78e36-7bb1-4685-a6ce-c20d33b6cfe6","hostname":"PruKore-MBP","pid":21417,"level":30,"msg":"successfuly returned book","time":"2022-12-14T07:24:14.339Z","v":0}
{"name":"goodreads","req_id":"f06caad8-8fb7-4c11-a020-0254c17a2852","hostname":"PruKore-MBP","pid":21415,"level":30,"msg":"getting books","time":"2022-12-14T07:24:14.338Z","v":0}
{"name":"goodreads","req_id":"f06caad8-8fb7-4c11-a020-0254c17a2852","hostname":"PruKore-MBP","pid":21415,"level":30,"msg":"getting books failed coz soething went wrong","time":"2022-12-14T07:24:14.338Z","v":0}
{"name":"goodreads","req_id":"fbde1e89-810a-4690-ac5d-36fb022e1af3","hostname":"PruKore-MBP","pid":21417,"level":30,"msg":"return book initated","time":"2022-12-14T07:24:14.344Z","v":0}
{"name":"goodreads","req_id":"fbde1e89-810a-4690-ac5d-36fb022e1af3","hostname":"PruKore-MBP","pid":21417,"level":30,"msg":"successfuly returned book","time":"2022-12-14T07:24:14.346Z","v":0}
{"name":"goodreads","req_id":"01d0f341-981c-44a5-975e-737739f142d5","hostname":"PruKore-MBP","pid":21415,"level":30,"msg":"getting books based on filters","time":"2022-12-14T07:24:14.344Z","v":0}
{"name":"goodreads","req_id":"01d0f341-981c-44a5-975e-737739f142d5","hostname":"PruKore-MBP","pid":21415,"level":30,"msg":"getting books based on filters successful","time":"2022-12-14T07:24:14.346Z","v":0}
{"name":"goodreads","req_id":"dd167c59-77d2-4722-88aa-3c97ae40689a","hostname":"PruKore-MBP","pid":21415,"level":30,"msg":"getting books based on filters","time":"2022-12-14T07:24:14.348Z","v":0}
{"name":"goodreads","req_id":"dd167c59-77d2-4722-88aa-3c97ae40689a","hostname":"PruKore-MBP","pid":21415,"level":50,"msg":"verification failed due to invalid query parameters","time":"2022-12-14T07:24:14.348Z","v":0}
{"name":"goodreads","req_id":"1ed2ad69-0370-4cd6-b68b-9ef4eba4487f","hostname":"PruKore-MBP","pid":21417,"level":30,"msg":"return book initated","time":"2022-12-14T07:24:14.348Z","v":0}
{"name":"goodreads","req_id":"1ed2ad69-0370-4cd6-b68b-9ef4eba4487f","hostname":"PruKore-MBP","pid":21417,"level":50,"msg":"returning book failed coz book already returned","time":"2022-12-14T07:24:14.349Z","v":0}
{"name":"goodreads","req_id":"65b0fbc5-fd94-4a3e-8c4b-bbebd291dbe5","hostname":"PruKore-MBP","pid":21415,"level":30,"msg":"getting books based on filters","time":"2022-12-14T07:24:14.350Z","v":0}
{"name":"goodreads","req_id":"c88169b4-a501-4650-8d0e-8e617ce50e34","hostname":"PruKore-MBP","pid":21415,"level":30,"msg":"getting books based on search","time":"2022-12-14T07:24:14.353Z","v":0}
{"name":"goodreads","req_id":"c88169b4-a501-4650-8d0e-8e617ce50e34","hostname":"PruKore-MBP","pid":21415,"level":30,"msg":"getting books based on search","time":"2022-12-14T07:24:14.353Z","v":0}
{"name":"goodreads","req_id":"c88169b4-a501-4650-8d0e-8e617ce50e34","hostname":"PruKore-MBP","pid":21415,"level":30,"msg":"getting books successful","time":"2022-12-14T07:24:14.353Z","v":0}
{"name":"goodreads","req_id":"58d29a4d-cbb3-4ef1-9e59-f8ef07fda261","hostname":"PruKore-MBP","pid":21415,"level":30,"msg":"getting books based on search","time":"2022-12-14T07:24:14.355Z","v":0}
{"name":"goodreads","req_id":"58d29a4d-cbb3-4ef1-9e59-f8ef07fda261","hostname":"PruKore-MBP","pid":21415,"level":30,"msg":"getting books based on search","time":"2022-12-14T07:24:14.355Z","v":0}
{"name":"goodreads","req_id":"e7b44dc5-f37d-4bbb-9b07-aaec6d3225bf","hostname":"PruKore-MBP","pid":21417,"level":30,"msg":"return book initated","time":"2022-12-14T07:24:14.354Z","v":0}
{"name":"goodreads","req_id":"5a23c9ee-941a-4afc-9b08-749bcd302921","hostname":"PruKore-MBP","pid":21417,"level":30,"msg":"return book initated","time":"2022-12-14T07:24:14.358Z","v":0}
{"name":"goodreads","req_id":"5a23c9ee-941a-4afc-9b08-749bcd302921","hostname":"PruKore-MBP","pid":21417,"level":50,"msg":"returning book failed coz book is returned by a different user who has rented it","time":"2022-12-14T07:24:14.359Z","v":0}
{"name":"goodreads","req_id":"c43d4af1-62d8-4256-9d4d-3f9c391b510c","hostname":"PruKore-MBP","pid":21415,"level":30,"msg":"getting books based on search","time":"2022-12-14T07:24:14.357Z","v":0}
{"name":"goodreads","req_id":"c43d4af1-62d8-4256-9d4d-3f9c391b510c","hostname":"PruKore-MBP","pid":21415,"level":50,"msg":"verification failed due to invalid query parameters","time":"2022-12-14T07:24:14.357Z","v":0}
{"name":"goodreads","req_id":"d97006d2-5f80-49ae-89f8-4858af8c5bbb","hostname":"PruKore-MBP","pid":21417,"level":30,"msg":"return book initated","time":"2022-12-14T07:24:14.362Z","v":0}
{"name":"goodreads","req_id":"d97006d2-5f80-49ae-89f8-4858af8c5bbb","hostname":"PruKore-MBP","pid":21417,"level":50,"msg":"returning book failed due to invalid rental id","time":"2022-12-14T07:24:14.362Z","v":0}
{"name":"goodreads","req_id":"19ec932f-ca13-4ce3-b7b4-3ba809a3b172","hostname":"PruKore-MBP","pid":21415,"level":30,"msg":"started creating a book","time":"2022-12-14T07:24:14.366Z","v":0}
{"name":"goodreads","req_id":"19ec932f-ca13-4ce3-b7b4-3ba809a3b172","hostname":"PruKore-MBP","pid":21415,"level":30,"msg":"New book created successfuly","time":"2022-12-14T07:24:14.367Z","v":0}
{"name":"goodreads","req_id":"1f02b9d0-de12-4748-a1a6-ed98b522c74e","hostname":"PruKore-MBP","pid":21415,"level":30,"msg":"started creating a book","time":"2022-12-14T07:24:14.370Z","v":0}
{"name":"goodreads","req_id":"1f02b9d0-de12-4748-a1a6-ed98b522c74e","hostname":"PruKore-MBP","pid":21415,"level":50,"msg":"creating new failed due to incorrect data","time":"2022-12-14T07:24:14.371Z","v":0}
{"name":"goodreads","req_id":"e58cd688-e3cb-42ca-b832-c4a62968df93","hostname":"PruKore-MBP","pid":21415,"level":30,"msg":"started creating a book","time":"2022-12-14T07:24:14.374Z","v":0}
{"name":"goodreads","req_id":"e58cd688-e3cb-42ca-b832-c4a62968df93","hostname":"PruKore-MBP","pid":21415,"level":50,"msg":"creating new book failed due to internal error","time":"2022-12-14T07:24:14.374Z","v":0}
{"name":"goodreads","req_id":"f986e067-9273-4485-b4e7-962753dfa42a","hostname":"PruKore-MBP","pid":21416,"level":30,"msg":"verification successful and returned jwtToken","time":"2022-12-14T07:24:14.377Z","v":0}
{"name":"goodreads","req_id":"b737eb32-510d-47c6-8504-50a931382419","hostname":"PruKore-MBP","pid":21415,"level":30,"msg":"started creating a book","time":"2022-12-14T07:24:14.378Z","v":0}
{"name":"goodreads","req_id":"b737eb32-510d-47c6-8504-50a931382419","hostname":"PruKore-MBP","pid":21415,"level":50,"msg":"creating new failed coz user is not authorized to perform such action","time":"2022-12-14T07:24:14.378Z","v":0}
{"name":"goodreads","req_id":"f600d5e5-3aa8-422c-8615-821fa8612b0a","hostname":"PruKore-MBP","pid":21416,"level":30,"msg":"verifying user login","time":"2022-12-14T07:24:14.380Z","v":0}
{"name":"goodreads","req_id":"4e74bb92-185f-4593-96ee-cc895d969514","hostname":"PruKore-MBP","pid":21415,"level":30,"msg":"started creating a book","time":"2022-12-14T07:24:14.380Z","v":0}
{"name":"goodreads","req_id":"a8509d17-758b-4bdf-84aa-1c6e27db4fbf","hostname":"PruKore-MBP","pid":21415,"level":30,"msg":"updating book initated","time":"2022-12-14T07:24:14.386Z","v":0}
{"name":"goodreads","req_id":"a8509d17-758b-4bdf-84aa-1c6e27db4fbf","hostname":"PruKore-MBP","pid":21415,"level":30,"msg":"updating book successful","time":"2022-12-14T07:24:14.396Z","v":0}
{"name":"goodreads","req_id":"14e0aaa7-2f47-4e58-a1fe-4a4e874d7618","hostname":"PruKore-MBP","pid":21415,"level":30,"msg":"updating book initated","time":"2022-12-14T07:24:14.398Z","v":0}
{"name":"goodreads","req_id":"14e0aaa7-2f47-4e58-a1fe-4a4e874d7618","hostname":"PruKore-MBP","pid":21415,"level":50,"msg":"updating book failed due to Invalid Book Id","time":"2022-12-14T07:24:14.399Z","v":0}
{"name":"goodreads","req_id":"e097c062-e91e-4d78-aaab-19b66c00c884","hostname":"PruKore-MBP","pid":21415,"level":30,"msg":"updating book initated","time":"2022-12-14T07:24:14.405Z","v":0}
{"name":"goodreads","req_id":"e097c062-e91e-4d78-aaab-19b66c00c884","hostname":"PruKore-MBP","pid":21415,"level":50,"msg":"updating book failed coz user is not authorized to perform such action","time":"2022-12-14T07:24:14.405Z","v":0}
{"name":"goodreads","req_id":"edd4804a-91b1-47d8-805c-2904c1929a89","hostname":"PruKore-MBP","pid":21415,"level":30,"msg":"updating book initated","time":"2022-12-14T07:24:14.407Z","v":0}
{"name":"goodreads","req_id":"edd4804a-91b1-47d8-805c-2904c1929a89","hostname":"PruKore-MBP","pid":21415,"level":50,"msg":"updating book failed due to incorrect data","time":"2022-12-14T07:24:14.407Z","v":0}
{"name":"goodreads","req_id":"32f44bab-c549-4cff-b9b7-2645d40ef493","hostname":"PruKore-MBP","pid":21415,"level":30,"msg":"updating book initated","time":"2022-12-14T07:24:14.410Z","v":0}
{"name":"goodreads","req_id":"b73fecf2-467f-4428-9a47-72c721b31a92","hostname":"PruKore-MBP","pid":21415,"level":30,"msg":"initiating rent a book","time":"2022-12-14T07:24:14.414Z","v":0}
{"name":"goodreads","req_id":"b73fecf2-467f-4428-9a47-72c721b31a92","hostname":"PruKore-MBP","pid":21415,"level":30,"msg":"renting book successful, added to user bookshelf","time":"2022-12-14T07:24:14.414Z","v":0}
{"name":"goodreads","req_id":"dd122b73-c40a-4d67-ab32-c35be6d89165","hostname":"PruKore-MBP","pid":21415,"level":30,"msg":"initiating rent a book","time":"2022-12-14T07:24:14.416Z","v":0}
{"name":"goodreads","req_id":"a3deae8d-b6a4-4e0b-a5df-2d3bc276bd49","hostname":"PruKore-MBP","pid":21415,"level":30,"msg":"initiating rent a book","time":"2022-12-14T07:24:14.417Z","v":0}
{"name":"goodreads","req_id":"a3deae8d-b6a4-4e0b-a5df-2d3bc276bd49","hostname":"PruKore-MBP","pid":21415,"level":50,"msg":"renting book failed coz it's out of stock","time":"2022-12-14T07:24:14.417Z","v":0}
{"name":"goodreads","req_id":"191f8468-a583-40e3-9d92-d4ea064db5e2","hostname":"PruKore-MBP","pid":21415,"level":30,"msg":"initiating rent a book","time":"2022-12-14T07:24:14.418Z","v":0}
{"name":"goodreads","req_id":"191f8468-a583-40e3-9d92-d4ea064db5e2","hostname":"PruKore-MBP","pid":21415,"level":30,"msg":"getting books failed coz something went wrong","time":"2022-12-14T07:24:14.418Z","v":0}
{"name":"goodreads","req_id":"13cd1811-3acf-4523-a334-0e17a3ea927a","hostname":"PruKore-MBP","pid":21415,"level":30,"msg":"initiating rent a book","time":"2022-12-14T07:24:14.419Z","v":0}
{"name":"goodreads","req_id":"13cd1811-3acf-4523-a334-0e17a3ea927a","hostname":"PruKore-MBP","pid":21415,"level":50,"msg":"renting book failed due to internal error","time":"2022-12-14T07:24:14.420Z","v":0}
{"name":"goodreads","req_id":"bd7c336e-9b48-4bcd-863a-9fbefacda54c","hostname":"PruKore-MBP","pid":21415,"level":30,"msg":"initiating rent a book","time":"2022-12-14T07:24:14.421Z","v":0}
{"name":"goodreads","req_id":"bd7c336e-9b48-4bcd-863a-9fbefacda54c","hostname":"PruKore-MBP","pid":21415,"level":50,"msg":"renting book failed due to internal error","time":"2022-12-14T07:24:14.421Z","v":0}
{"name":"goodreads","req_id":"f600d5e5-3aa8-422c-8615-821fa8612b0a","hostname":"PruKore-MBP","pid":21416,"level":30,"msg":"verification failed due to wrong password","time":"2022-12-14T07:24:14.438Z","v":0}
{"name":"goodreads","req_id":"980334e2-7c35-4635-af33-a7eb7611dcd6","hostname":"PruKore-MBP","pid":21416,"level":30,"msg":"verifying user login","time":"2022-12-14T07:24:14.441Z","v":0}
{"name":"goodreads","req_id":"980334e2-7c35-4635-af33-a7eb7611dcd6","hostname":"PruKore-MBP","pid":21416,"level":30,"msg":"verification failed because user is not registered","time":"2022-12-14T07:24:14.441Z","v":0}
{"name":"goodreads","req_id":"cc8fa5d7-6fd4-4324-b316-bcf008299deb","hostname":"PruKore-MBP","pid":21416,"level":30,"msg":"verifying user login","time":"2022-12-14T07:24:14.443Z","v":0}
{"name":"goodreads","req_id":"cc8fa5d7-6fd4-4324-b316-bcf008299deb","hostname":"PruKore-MBP","pid":21416,"level":30,"msg":"getting books failed coz something went wrong","time":"2022-12-14T07:24:14.444Z","v":0}
{"name":"goodreads","req_id":"edf7425d-8a5c-436c-b634-fdbeac5e730b","hostname":"PruKore-MBP","pid":21513,"level":30,"msg":"verifying user login","time":"2022-12-14T07:25:41.625Z","v":0}
{"name":"goodreads","req_id":"edf7425d-8a5c-436c-b634-fdbeac5e730b","hostname":"PruKore-MBP","pid":21513,"level":30,"msg":"verification failed due to wrong password","time":"2022-12-14T07:25:41.714Z","v":0}
{"name":"goodreads","req_id":"2b26c89e-85fd-4713-b466-807bdf9d5a0b","hostname":"PruKore-MBP","pid":21513,"level":30,"msg":"getting books","time":"2022-12-14T07:27:14.956Z","v":0}
{"name":"goodreads","req_id":"2b26c89e-85fd-4713-b466-807bdf9d5a0b","hostname":"PruKore-MBP","pid":21513,"level":30,"msg":"getting books successful","time":"2022-12-14T07:27:14.960Z","v":0}
{"name":"goodreads","req_id":"19826668-1681-4f09-b948-f78c026366c7","hostname":"PruKore-MBP","pid":21513,"level":30,"msg":"getting books based on filters","time":"2022-12-14T07:32:03.427Z","v":0}
{"name":"goodreads","req_id":"19826668-1681-4f09-b948-f78c026366c7","hostname":"PruKore-MBP","pid":21513,"level":30,"msg":"getting books based on filters successful","time":"2022-12-14T07:32:03.433Z","v":0}
{"name":"goodreads","req_id":"8e49585e-bff8-45d6-958c-a887d83b52d3","hostname":"PruKore-MBP","pid":21513,"level":30,"msg":"getting books based on filters","time":"2022-12-14T07:33:53.595Z","v":0}
{"name":"goodreads","req_id":"8e49585e-bff8-45d6-958c-a887d83b52d3","hostname":"PruKore-MBP","pid":21513,"level":50,"msg":"verification failed due to invalid query parameters","time":"2022-12-14T07:33:53.598Z","v":0}
{"name":"goodreads","req_id":"2655b86e-224e-477a-93e0-de952836ebb0","hostname":"PruKore-MBP","pid":21513,"level":30,"msg":"getting books based on filters","time":"2022-12-14T07:34:28.149Z","v":0}
{"name":"goodreads","req_id":"2655b86e-224e-477a-93e0-de952836ebb0","hostname":"PruKore-MBP","pid":21513,"level":50,"msg":"verification failed due to invalid query parameters","time":"2022-12-14T07:34:28.152Z","v":0}
{"name":"goodreads","req_id":"aafe83db-a8ef-4f02-b2de-2d903044f3a8","hostname":"PruKore-MBP","pid":21513,"level":30,"msg":"getting books based on filters","time":"2022-12-14T07:37:33.668Z","v":0}
{"name":"goodreads","req_id":"aafe83db-a8ef-4f02-b2de-2d903044f3a8","hostname":"PruKore-MBP","pid":21513,"level":50,"msg":"verification failed due to invalid query parameters","time":"2022-12-14T07:37:33.668Z","v":0}
{"name":"goodreads","req_id":"9f31bbbe-2005-43d9-8013-4a456b8ac70e","hostname":"PruKore-MBP","pid":21513,"level":30,"msg":"getting books based on search","time":"2022-12-14T07:37:43.712Z","v":0}
{"name":"goodreads","req_id":"9f31bbbe-2005-43d9-8013-4a456b8ac70e","hostname":"PruKore-MBP","pid":21513,"level":30,"msg":"getting books based on search","time":"2022-12-14T07:37:43.713Z","v":0}
{"name":"goodreads","req_id":"9f31bbbe-2005-43d9-8013-4a456b8ac70e","hostname":"PruKore-MBP","pid":21513,"level":30,"msg":"getting books successful","time":"2022-12-14T07:37:43.718Z","v":0}
{"name":"goodreads","req_id":"3f8b43e3-2666-487c-a3c1-a688b9296a7e","hostname":"PruKore-MBP","pid":21513,"level":30,"msg":"getting books based on search","time":"2022-12-14T07:38:44.617Z","v":0}
{"name":"goodreads","req_id":"3f8b43e3-2666-487c-a3c1-a688b9296a7e","hostname":"PruKore-MBP","pid":21513,"level":50,"msg":"verification failed due to invalid query parameters","time":"2022-12-14T07:38:44.619Z","v":0}
{"name":"goodreads","req_id":"49ce8acc-892f-4aa7-b2ba-2ae29f263780","hostname":"PruKore-MBP","pid":21513,"level":30,"msg":"verifying user login","time":"2022-12-14T07:45:08.592Z","v":0}
{"name":"goodreads","req_id":"49ce8acc-892f-4aa7-b2ba-2ae29f263780","hostname":"PruKore-MBP","pid":21513,"level":30,"msg":"verification successful and returned jwtToken","time":"2022-12-14T07:45:08.673Z","v":0}
{"name":"goodreads","req_id":"c4064043-f42c-4282-9dd4-c5c1cab0ea72","hostname":"PruKore-MBP","pid":21513,"level":30,"msg":"started creating a book","time":"2022-12-14T07:45:41.920Z","v":0}
{"name":"goodreads","req_id":"c4064043-f42c-4282-9dd4-c5c1cab0ea72","hostname":"PruKore-MBP","pid":21513,"level":50,"msg":"creating new failed due to incorrect data","time":"2022-12-14T07:45:41.922Z","v":0}
{"name":"goodreads","req_id":"2626d50f-6c2e-4e2e-a7ad-a3f8c3a7d030","hostname":"PruKore-MBP","pid":21513,"level":30,"msg":"verifying user login","time":"2022-12-14T07:48:28.396Z","v":0}
{"name":"goodreads","req_id":"2626d50f-6c2e-4e2e-a7ad-a3f8c3a7d030","hostname":"PruKore-MBP","pid":21513,"level":30,"msg":"verification successful and returned jwtToken","time":"2022-12-14T07:48:28.473Z","v":0}
{"name":"goodreads","req_id":"07b2e97f-a9ac-4caa-80e8-4aa007f05847","hostname":"PruKore-MBP","pid":21513,"level":30,"msg":"started creating a book","time":"2022-12-14T07:49:26.034Z","v":0}
{"name":"goodreads","req_id":"07b2e97f-a9ac-4caa-80e8-4aa007f05847","hostname":"PruKore-MBP","pid":21513,"level":50,"msg":"creating new failed coz user is not authorized to perform such action","time":"2022-12-14T07:49:26.034Z","v":0}
{"name":"goodreads","req_id":"8605d00a-7d70-496b-9775-27fd5c61643e","hostname":"PruKore-MBP","pid":21513,"level":30,"msg":"updating book initated","time":"2022-12-14T07:53:18.015Z","v":0}
{"name":"goodreads","req_id":"8605d00a-7d70-496b-9775-27fd5c61643e","hostname":"PruKore-MBP","pid":21513,"level":50,"msg":"updating book failed coz user is not authorized to perform such action","time":"2022-12-14T07:53:18.015Z","v":0}
{"name":"goodreads","req_id":"d7ab63e9-0822-4b21-96d2-da9dd5acf47f","hostname":"PruKore-MBP","pid":21513,"level":30,"msg":"updating book initated","time":"2022-12-14T07:54:30.079Z","v":0}
{"name":"goodreads","req_id":"d7ab63e9-0822-4b21-96d2-da9dd5acf47f","hostname":"PruKore-MBP","pid":21513,"level":50,"msg":"updating book failed coz user is not authorized to perform such action","time":"2022-12-14T07:54:30.079Z","v":0}
{"name":"goodreads","req_id":"8cee4bfd-535c-40ed-b5c6-bd1816acbd8b","hostname":"PruKore-MBP","pid":36218,"level":30,"msg":"initiating rent a book","time":"2022-12-14T08:00:31.146Z","v":0}
{"name":"goodreads","req_id":"8cee4bfd-535c-40ed-b5c6-bd1816acbd8b","hostname":"PruKore-MBP","pid":36218,"level":30,"msg":"renting book successful, added to user bookshelf","time":"2022-12-14T08:00:31.201Z","v":0}
{"name":"goodreads","req_id":"b5d92ac9-27ca-41c1-b3b4-317dce3f0f4d","hostname":"PruKore-MBP","pid":36218,"level":30,"msg":"initiating rent a book","time":"2022-12-14T08:01:30.492Z","v":0}
{"name":"goodreads","req_id":"0aff9a01-a43a-418c-b67f-ce6448a85cad","hostname":"PruKore-MBP","pid":36218,"level":30,"msg":"getting bookshelf initated","time":"2022-12-14T08:03:22.928Z","v":0}
{"name":"goodreads","req_id":"0aff9a01-a43a-418c-b67f-ce6448a85cad","hostname":"PruKore-MBP","pid":36218,"level":30,"msg":"getting bookshelf successful","time":"2022-12-14T08:03:22.932Z","v":0}
{"name":"goodreads","req_id":"f54312d9-199b-4908-a153-39b9eb7120bd","hostname":"PruKore-MBP","pid":36218,"level":30,"msg":"return book initated","time":"2022-12-14T08:05:09.366Z","v":0}
{"name":"goodreads","req_id":"f54312d9-199b-4908-a153-39b9eb7120bd","hostname":"PruKore-MBP","pid":36218,"level":30,"msg":"successfuly returned book","time":"2022-12-14T08:05:09.377Z","v":0}
{"name":"goodreads","req_id":"29478db0-c8a7-48fa-8d3a-45a7c75e4ff6","hostname":"PruKore-MBP","pid":36218,"level":30,"msg":"return book initated","time":"2022-12-14T08:06:10.987Z","v":0}
{"name":"goodreads","req_id":"29478db0-c8a7-48fa-8d3a-45a7c75e4ff6","hostname":"PruKore-MBP","pid":36218,"level":50,"msg":"returning book failed coz book already returned","time":"2022-12-14T08:06:10.992Z","v":0}
{"name":"goodreads","req_id":"4e7029f0-9703-42ec-9fee-b4ca6680ba03","hostname":"PruKore-MBP","pid":36218,"level":30,"msg":"return book initated","time":"2022-12-14T08:06:43.988Z","v":0}
{"name":"goodreads","req_id":"4e7029f0-9703-42ec-9fee-b4ca6680ba03","hostname":"PruKore-MBP","pid":36218,"level":50,"msg":"returning book failed due to invalid rental id","time":"2022-12-14T08:06:43.990Z","v":0}
{"name":"goodreads","req_id":"bced1c03-ccbf-465a-9699-5e88ecd087d1","hostname":"PruKore-MBP","pid":36218,"level":30,"msg":"return book initated","time":"2022-12-14T08:07:14.295Z","v":0}
{"name":"goodreads","req_id":"bced1c03-ccbf-465a-9699-5e88ecd087d1","hostname":"PruKore-MBP","pid":36218,"level":50,"msg":"returning book failed coz book already returned","time":"2022-12-14T08:07:14.304Z","v":0}
{"name":"goodreads","req_id":"453c506e-c409-449f-b5e6-63500860629e","hostname":"PruKore-MBP","pid":36218,"level":30,"msg":"return book initated","time":"2022-12-14T08:08:07.518Z","v":0}
{"name":"goodreads","req_id":"453c506e-c409-449f-b5e6-63500860629e","hostname":"PruKore-MBP","pid":36218,"level":50,"msg":"returning book failed coz book is returned by a different user who has rented it","time":"2022-12-14T08:08:07.520Z","v":0}
{"name":"goodreads","req_id":"6d424887-e15d-4aec-8f00-d6c4754f051a","hostname":"PruKore-MBP","pid":36932,"level":30,"msg":"getting bookshelf initated","time":"2022-12-14T08:14:58.738Z","v":0}
{"name":"goodreads","req_id":"6d424887-e15d-4aec-8f00-d6c4754f051a","hostname":"PruKore-MBP","pid":36932,"level":30,"msg":"connot get bookshelf coz of internal error","time":"2022-12-14T08:14:58.739Z","v":0}
{"name":"goodreads","req_id":"8ccc7b8f-91e8-4f1d-b5b7-cda9eeeb7a04","hostname":"PruKore-MBP","pid":36931,"level":30,"msg":"getting books","time":"2022-12-14T08:14:58.740Z","v":0}
{"name":"goodreads","req_id":"8ccc7b8f-91e8-4f1d-b5b7-cda9eeeb7a04","hostname":"PruKore-MBP","pid":36931,"level":30,"msg":"getting books successful","time":"2022-12-14T08:14:58.741Z","v":0}
{"name":"goodreads","req_id":"5efa9cc2-2e80-4d25-91f7-b5be498e89e0","hostname":"PruKore-MBP","pid":36932,"level":30,"msg":"getting bookshelf initated","time":"2022-12-14T08:14:58.748Z","v":0}
{"name":"goodreads","req_id":"5efa9cc2-2e80-4d25-91f7-b5be498e89e0","hostname":"PruKore-MBP","pid":36932,"level":30,"msg":"getting bookshelf successful","time":"2022-12-14T08:14:58.748Z","v":0}
{"name":"goodreads","req_id":"18f22199-4a67-4c15-b21f-09133864826b","hostname":"PruKore-MBP","pid":36930,"level":30,"msg":"verifying user login","time":"2022-12-14T08:14:58.744Z","v":0}
{"name":"goodreads","req_id":"18f22199-4a67-4c15-b21f-09133864826b","hostname":"PruKore-MBP","pid":36930,"level":30,"msg":"verification failed due to invalid credentials","time":"2022-12-14T08:14:58.747Z","v":0}
{"name":"goodreads","req_id":"ffc1f001-a854-4ecf-bf4e-c0c54712e1ef","hostname":"PruKore-MBP","pid":36931,"level":30,"msg":"getting books","time":"2022-12-14T08:14:58.749Z","v":0}
{"name":"goodreads","req_id":"ffc1f001-a854-4ecf-bf4e-c0c54712e1ef","hostname":"PruKore-MBP","pid":36931,"level":30,"msg":"getting books failed coz soething went wrong","time":"2022-12-14T08:14:58.750Z","v":0}
{"name":"goodreads","req_id":"b4cc3d91-ad79-4683-844b-dc74072a7af0","hostname":"PruKore-MBP","pid":36931,"level":30,"msg":"getting books based on filters","time":"2022-12-14T08:14:58.752Z","v":0}
{"name":"goodreads","req_id":"b4cc3d91-ad79-4683-844b-dc74072a7af0","hostname":"PruKore-MBP","pid":36931,"level":30,"msg":"getting books based on filters successful","time":"2022-12-14T08:14:58.754Z","v":0}
{"name":"goodreads","req_id":"a1c6fe5d-a095-4a62-b66e-1bb0b22dba6e","hostname":"PruKore-MBP","pid":36930,"level":30,"msg":"verifying user login","time":"2022-12-14T08:14:58.755Z","v":0}
{"name":"goodreads","req_id":"a1c6fe5d-a095-4a62-b66e-1bb0b22dba6e","hostname":"PruKore-MBP","pid":36930,"level":30,"msg":"verification failed due to invalid credentials","time":"2022-12-14T08:14:58.755Z","v":0}
{"name":"goodreads","req_id":"fd8f30ac-b5a1-480a-a5c9-126ddeeb641c","hostname":"PruKore-MBP","pid":36931,"level":30,"msg":"getting books based on filters","time":"2022-12-14T08:14:58.755Z","v":0}
{"name":"goodreads","req_id":"fd8f30ac-b5a1-480a-a5c9-126ddeeb641c","hostname":"PruKore-MBP","pid":36931,"level":50,"msg":"verification failed due to invalid query parameters","time":"2022-12-14T08:14:58.756Z","v":0}
{"name":"goodreads","req_id":"ddf1807e-10f2-4688-9901-59200e809b19","hostname":"PruKore-MBP","pid":36932,"level":30,"msg":"return book initated","time":"2022-12-14T08:14:58.756Z","v":0}
{"name":"goodreads","req_id":"6aa5256d-a59c-45d6-a330-b22de585ccd9","hostname":"PruKore-MBP","pid":36930,"level":30,"msg":"verifying user login","time":"2022-12-14T08:14:58.758Z","v":0}
{"name":"goodreads","req_id":"341fb9f5-9963-4fdf-87da-2dae26dd48ba","hostname":"PruKore-MBP","pid":36931,"level":30,"msg":"getting books based on filters","time":"2022-12-14T08:14:58.758Z","v":0}
{"name":"goodreads","req_id":"b0702c07-d56d-4642-9f33-d869a0c87ead","hostname":"PruKore-MBP","pid":36931,"level":30,"msg":"getting books based on search","time":"2022-12-14T08:14:58.761Z","v":0}
{"name":"goodreads","req_id":"b0702c07-d56d-4642-9f33-d869a0c87ead","hostname":"PruKore-MBP","pid":36931,"level":30,"msg":"getting books based on search","time":"2022-12-14T08:14:58.761Z","v":0}
{"name":"goodreads","req_id":"b0702c07-d56d-4642-9f33-d869a0c87ead","hostname":"PruKore-MBP","pid":36931,"level":30,"msg":"getting books successful","time":"2022-12-14T08:14:58.761Z","v":0}
{"name":"goodreads","req_id":"27f1f1aa-8d2a-4f52-bf9f-b92e0ac75262","hostname":"PruKore-MBP","pid":36931,"level":30,"msg":"getting books based on search","time":"2022-12-14T08:14:58.763Z","v":0}
{"name":"goodreads","req_id":"27f1f1aa-8d2a-4f52-bf9f-b92e0ac75262","hostname":"PruKore-MBP","pid":36931,"level":30,"msg":"getting books based on search","time":"2022-12-14T08:14:58.763Z","v":0}
{"name":"goodreads","req_id":"d9587fcd-aec3-483a-a163-b03f458f1fb8","hostname":"PruKore-MBP","pid":36931,"level":30,"msg":"getting books based on search","time":"2022-12-14T08:14:58.765Z","v":0}
{"name":"goodreads","req_id":"d9587fcd-aec3-483a-a163-b03f458f1fb8","hostname":"PruKore-MBP","pid":36931,"level":50,"msg":"verification failed due to invalid query parameters","time":"2022-12-14T08:14:58.765Z","v":0}
{"name":"goodreads","req_id":"b50d0589-2e61-4ba5-8ccd-5882da37ffd4","hostname":"PruKore-MBP","pid":36931,"level":30,"msg":"started creating a book","time":"2022-12-14T08:14:58.773Z","v":0}
{"name":"goodreads","req_id":"b50d0589-2e61-4ba5-8ccd-5882da37ffd4","hostname":"PruKore-MBP","pid":36931,"level":30,"msg":"New book created successfuly","time":"2022-12-14T08:14:58.774Z","v":0}
{"name":"goodreads","req_id":"ddf1807e-10f2-4688-9901-59200e809b19","hostname":"PruKore-MBP","pid":36932,"level":30,"msg":"successfuly returned book","time":"2022-12-14T08:14:58.775Z","v":0}
{"name":"goodreads","req_id":"a28455c4-93b4-4fec-b26d-78f15ea2cf42","hostname":"PruKore-MBP","pid":36931,"level":30,"msg":"started creating a book","time":"2022-12-14T08:14:58.776Z","v":0}
{"name":"goodreads","req_id":"a28455c4-93b4-4fec-b26d-78f15ea2cf42","hostname":"PruKore-MBP","pid":36931,"level":50,"msg":"creating new failed due to incorrect data","time":"2022-12-14T08:14:58.777Z","v":0}
{"name":"goodreads","req_id":"6c306d1a-47a5-45ac-8a45-5e307b29de96","hostname":"PruKore-MBP","pid":36932,"level":30,"msg":"return book initated","time":"2022-12-14T08:14:58.777Z","v":0}
{"name":"goodreads","req_id":"6c306d1a-47a5-45ac-8a45-5e307b29de96","hostname":"PruKore-MBP","pid":36932,"level":30,"msg":"successfuly returned book","time":"2022-12-14T08:14:58.778Z","v":0}
{"name":"goodreads","req_id":"c05ec780-e7cd-4700-a8ae-1a3c9998fc93","hostname":"PruKore-MBP","pid":36932,"level":30,"msg":"return book initated","time":"2022-12-14T08:14:58.779Z","v":0}
{"name":"goodreads","req_id":"cadc62d8-ae5a-41d7-9a8d-733f8690a4c2","hostname":"PruKore-MBP","pid":36931,"level":30,"msg":"started creating a book","time":"2022-12-14T08:14:58.779Z","v":0}
{"name":"goodreads","req_id":"cadc62d8-ae5a-41d7-9a8d-733f8690a4c2","hostname":"PruKore-MBP","pid":36931,"level":50,"msg":"creating new book failed due to internal error","time":"2022-12-14T08:14:58.780Z","v":0}
{"name":"goodreads","req_id":"c05ec780-e7cd-4700-a8ae-1a3c9998fc93","hostname":"PruKore-MBP","pid":36932,"level":50,"msg":"returning book failed coz book already returned","time":"2022-12-14T08:14:58.782Z","v":0}
{"name":"goodreads","req_id":"7949a087-f6bd-49fe-9212-5feee61afef7","hostname":"PruKore-MBP","pid":36931,"level":30,"msg":"started creating a book","time":"2022-12-14T08:14:58.782Z","v":0}
{"name":"goodreads","req_id":"7949a087-f6bd-49fe-9212-5feee61afef7","hostname":"PruKore-MBP","pid":36931,"level":50,"msg":"creating new failed coz user is not authorized to perform such action","time":"2022-12-14T08:14:58.782Z","v":0}
{"name":"goodreads","req_id":"1bf4230a-d0ba-4f2b-82ff-087bc93b45b8","hostname":"PruKore-MBP","pid":36932,"level":30,"msg":"return book initated","time":"2022-12-14T08:14:58.784Z","v":0}
{"name":"goodreads","req_id":"9aa75756-1ece-49ce-b95d-cd493d45ff6b","hostname":"PruKore-MBP","pid":36931,"level":30,"msg":"started creating a book","time":"2022-12-14T08:14:58.784Z","v":0}
{"name":"goodreads","req_id":"65ff5a2a-3961-46b9-9115-5852c1abdff2","hostname":"PruKore-MBP","pid":36932,"level":30,"msg":"return book initated","time":"2022-12-14T08:14:58.786Z","v":0}
{"name":"goodreads","req_id":"65ff5a2a-3961-46b9-9115-5852c1abdff2","hostname":"PruKore-MBP","pid":36932,"level":50,"msg":"returning book failed coz book is returned by a different user who has rented it","time":"2022-12-14T08:14:58.787Z","v":0}
{"name":"goodreads","req_id":"ca10b847-2afb-405d-a97c-8756f5a4ebad","hostname":"PruKore-MBP","pid":36932,"level":30,"msg":"return book initated","time":"2022-12-14T08:14:58.789Z","v":0}
{"name":"goodreads","req_id":"ca10b847-2afb-405d-a97c-8756f5a4ebad","hostname":"PruKore-MBP","pid":36932,"level":50,"msg":"returning book failed due to invalid rental id","time":"2022-12-14T08:14:58.789Z","v":0}
{"name":"goodreads","req_id":"59ed678e-4d87-4083-a256-6090925987f6","hostname":"PruKore-MBP","pid":36931,"level":30,"msg":"updating book initated","time":"2022-12-14T08:14:58.789Z","v":0}
{"name":"goodreads","req_id":"59ed678e-4d87-4083-a256-6090925987f6","hostname":"PruKore-MBP","pid":36931,"level":30,"msg":"updating book successful","time":"2022-12-14T08:14:58.799Z","v":0}
{"name":"goodreads","req_id":"9b9d49d9-f231-4769-8f72-0dcec8edf4ee","hostname":"PruKore-MBP","pid":36931,"level":30,"msg":"updating book initated","time":"2022-12-14T08:14:58.802Z","v":0}
{"name":"goodreads","req_id":"9b9d49d9-f231-4769-8f72-0dcec8edf4ee","hostname":"PruKore-MBP","pid":36931,"level":50,"msg":"updating book failed due to Invalid Book Id","time":"2022-12-14T08:14:58.802Z","v":0}
{"name":"goodreads","req_id":"24a0f6aa-7a0c-4114-a642-8dc4cbcf1d94","hostname":"PruKore-MBP","pid":36931,"level":30,"msg":"updating book initated","time":"2022-12-14T08:14:58.807Z","v":0}
{"name":"goodreads","req_id":"24a0f6aa-7a0c-4114-a642-8dc4cbcf1d94","hostname":"PruKore-MBP","pid":36931,"level":50,"msg":"updating book failed coz user is not authorized to perform such action","time":"2022-12-14T08:14:58.807Z","v":0}
{"name":"goodreads","req_id":"64ab5595-5b5d-423e-8616-228afea7459c","hostname":"PruKore-MBP","pid":36931,"level":30,"msg":"updating book initated","time":"2022-12-14T08:14:58.808Z","v":0}
{"name":"goodreads","req_id":"64ab5595-5b5d-423e-8616-228afea7459c","hostname":"PruKore-MBP","pid":36931,"level":50,"msg":"updating book failed due to incorrect data","time":"2022-12-14T08:14:58.808Z","v":0}
{"name":"goodreads","req_id":"432fdb08-aede-4b25-a631-6e41b596c299","hostname":"PruKore-MBP","pid":36931,"level":30,"msg":"updating book initated","time":"2022-12-14T08:14:58.810Z","v":0}
{"name":"goodreads","req_id":"4a5a85d2-b254-4845-8a0f-4b1b4606757a","hostname":"PruKore-MBP","pid":36931,"level":30,"msg":"initiating rent a book","time":"2022-12-14T08:14:58.813Z","v":0}
{"name":"goodreads","req_id":"4a5a85d2-b254-4845-8a0f-4b1b4606757a","hostname":"PruKore-MBP","pid":36931,"level":30,"msg":"renting book successful, added to user bookshelf","time":"2022-12-14T08:14:58.813Z","v":0}
{"name":"goodreads","req_id":"3c8498f5-c42e-4cb6-bf12-dfb912209ccd","hostname":"PruKore-MBP","pid":36931,"level":30,"msg":"initiating rent a book","time":"2022-12-14T08:14:58.815Z","v":0}
{"name":"goodreads","req_id":"6aa5256d-a59c-45d6-a330-b22de585ccd9","hostname":"PruKore-MBP","pid":36930,"level":30,"msg":"verification successful and returned jwtToken","time":"2022-12-14T08:14:58.816Z","v":0}
{"name":"goodreads","req_id":"503cb6be-a36b-4e82-ba19-d4fbcb455140","hostname":"PruKore-MBP","pid":36931,"level":30,"msg":"initiating rent a book","time":"2022-12-14T08:14:58.816Z","v":0}
{"name":"goodreads","req_id":"503cb6be-a36b-4e82-ba19-d4fbcb455140","hostname":"PruKore-MBP","pid":36931,"level":50,"msg":"renting book failed coz it's out of stock","time":"2022-12-14T08:14:58.816Z","v":0}
{"name":"goodreads","req_id":"b8302d78-a6b2-4099-af0c-f522abd16916","hostname":"PruKore-MBP","pid":36931,"level":30,"msg":"initiating rent a book","time":"2022-12-14T08:14:58.818Z","v":0}
{"name":"goodreads","req_id":"b8302d78-a6b2-4099-af0c-f522abd16916","hostname":"PruKore-MBP","pid":36931,"level":30,"msg":"getting books failed coz something went wrong","time":"2022-12-14T08:14:58.818Z","v":0}
{"name":"goodreads","req_id":"8a48eee5-c70c-43bd-a87c-051758032609","hostname":"PruKore-MBP","pid":36930,"level":30,"msg":"verifying user login","time":"2022-12-14T08:14:58.818Z","v":0}
{"name":"goodreads","req_id":"e4725460-424f-4e24-9f72-9b747391e21a","hostname":"PruKore-MBP","pid":36931,"level":30,"msg":"initiating rent a book","time":"2022-12-14T08:14:58.819Z","v":0}
{"name":"goodreads","req_id":"e4725460-424f-4e24-9f72-9b747391e21a","hostname":"PruKore-MBP","pid":36931,"level":50,"msg":"renting book failed due to internal error","time":"2022-12-14T08:14:58.819Z","v":0}
{"name":"goodreads","req_id":"31935dc5-f454-4cc1-a046-a08c3c6edb91","hostname":"PruKore-MBP","pid":36931,"level":30,"msg":"initiating rent a book","time":"2022-12-14T08:14:58.821Z","v":0}
{"name":"goodreads","req_id":"31935dc5-f454-4cc1-a046-a08c3c6edb91","hostname":"PruKore-MBP","pid":36931,"level":50,"msg":"renting book failed due to internal error","time":"2022-12-14T08:14:58.821Z","v":0}
{"name":"goodreads","req_id":"8a48eee5-c70c-43bd-a87c-051758032609","hostname":"PruKore-MBP","pid":36930,"level":30,"msg":"verification failed due to wrong password","time":"2022-12-14T08:14:58.875Z","v":0}
{"name":"goodreads","req_id":"9d362a82-ed1b-43eb-b8fb-ba77734e9297","hostname":"PruKore-MBP","pid":36930,"level":30,"msg":"verifying user login","time":"2022-12-14T08:14:58.877Z","v":0}
{"name":"goodreads","req_id":"9d362a82-ed1b-43eb-b8fb-ba77734e9297","hostname":"PruKore-MBP","pid":36930,"level":30,"msg":"verification failed because user is not registered","time":"2022-12-14T08:14:58.878Z","v":0}
{"name":"goodreads","req_id":"a8379da0-2f28-408a-acdc-780631c0388e","hostname":"PruKore-MBP","pid":36930,"level":30,"msg":"verifying user login","time":"2022-12-14T08:14:58.879Z","v":0}
{"name":"goodreads","req_id":"a8379da0-2f28-408a-acdc-780631c0388e","hostname":"PruKore-MBP","pid":36930,"level":30,"msg":"getting books failed coz something went wrong","time":"2022-12-14T08:14:58.880Z","v":0}
{"name":"goodreads","req_id":"0b6cea0c-79be-43a9-9252-62801327fc48","hostname":"PruKore-MBP","pid":37012,"level":30,"msg":"getting books based on filters","time":"2022-12-14T08:15:45.089Z","v":0}
{"name":"goodreads","req_id":"0b6cea0c-79be-43a9-9252-62801327fc48","hostname":"PruKore-MBP","pid":37012,"level":30,"msg":"getting books based on filters successful","time":"2022-12-14T08:15:45.109Z","v":0}
{"name":"goodreads","req_id":"ed65498b-3dd7-47d4-9998-3ec4abed6010","hostname":"PruKore-MBP","pid":37012,"level":30,"msg":"getting books based on filters","time":"2022-12-14T08:15:57.559Z","v":0}
{"name":"goodreads","req_id":"ed65498b-3dd7-47d4-9998-3ec4abed6010","hostname":"PruKore-MBP","pid":37012,"level":50,"msg":"verification failed due to invalid query parameters","time":"2022-12-14T08:15:57.560Z","v":0}
{"name":"goodreads","req_id":"1a5eb377-6e20-425d-b8a3-c54840c31c42","hostname":"PruKore-MBP","pid":37135,"level":30,"msg":"getting books based on filters","time":"2022-12-14T08:16:47.206Z","v":0}
{"name":"goodreads","req_id":"1a5eb377-6e20-425d-b8a3-c54840c31c42","hostname":"PruKore-MBP","pid":37135,"level":30,"msg":"getting books based on filters successful","time":"2022-12-14T08:16:47.227Z","v":0}
